Read PPI data set BIOGRID-ALL-3.4.160.mitab from data/raw/ppi_data/BIOGRID-ALL-3.4.160.mitab
Read PPI data set hpidb2-19.02.2018.mitab from data/raw/ppi_data/hpidb2-19.02.2018.mitab
Read PPI data set intact-virus-22.03.2018.mitab from data/raw/ppi_data/intact-virus-22.03.2018.mitab
Read PPI data set virhostnet-01.2018.mitab from data/raw/ppi_data/virhostnet-01.2018.mitab
Read PPI data set phi_data.csv from data/raw/ppi_data/phi_data.csv
1715433 unique identifiers in column xref_A did not conform to the PSI-MITAB format (multiple identifiers were present) and a fix was attempted.

1715433 unique identifiers in column xref_B did not conform to the PSI-MITAB format (multiple identifiers were present) and a fix was attempted.

WARNING: interaction dataset contains "intact" entries, which could not be remapped to UniProt AC (check all possible mappings at https://www.uniprot.org/help/api_idmapping .

WARNING: interaction dataset contains "chebi" entries, which could not be remapped to UniProt AC (check all possible mappings at https://www.uniprot.org/help/api_idmapping .

WARNING: interaction dataset contains "-" entries, which could not be remapped to UniProt AC (check all possible mappings at https://www.uniprot.org/help/api_idmapping .

ddbj/embl/genbank: 4 identifiers found in dataset.
Queried first 1000 identifiers...
Created mapping file between UniProt ACs and ddbj/embl/genbank in: /media/pieter/DATA/Wetenschap/Doctoraat/projects/host-pathogen-ppi-analysis/data/interim/all/mapping/ddbj-embl-genbank2uniprot.txt.

ddbj/embl/genbank: 3 out of 4 identifiers were succesfully remapped to UniProt accession numbers.

ensembl: 2 identifiers found in dataset.
Queried first 1000 identifiers...
Created mapping file between UniProt ACs and ensembl in: /media/pieter/DATA/Wetenschap/Doctoraat/projects/host-pathogen-ppi-analysis/data/interim/all/mapping/ensembl2uniprot.txt.

ensembl: 2 out of 2 identifiers were succesfully remapped to UniProt accession numbers.

ensemblgenomes: 1 identifiers found in dataset.
Queried first 1000 identifiers...
Created mapping file between UniProt ACs and ensemblgenomes in: /media/pieter/DATA/Wetenschap/Doctoraat/projects/host-pathogen-ppi-analysis/data/interim/all/mapping/ensemblgenomes2uniprot.txt.

ensemblgenomes: 1 out of 1 identifiers were succesfully remapped to UniProt accession numbers.

entrez gene/locuslink: 68167 identifiers found in dataset.
Queried first 1000 identifiers...
Queried first 2000 identifiers...
Queried first 3000 identifiers...
Queried first 4000 identifiers...
Queried first 5000 identifiers...
Queried first 6000 identifiers...
Queried first 7000 identifiers...
Queried first 8000 identifiers...
Queried first 9000 identifiers...
Queried first 10000 identifiers...
Queried first 11000 identifiers...
Queried first 12000 identifiers...
Queried first 13000 identifiers...
Queried first 14000 identifiers...
Queried first 15000 identifiers...
Encountered HTTP error, trying again...
Queried first 16000 identifiers...
Queried first 17000 identifiers...
Queried first 18000 identifiers...
Queried first 19000 identifiers...
Queried first 20000 identifiers...
Queried first 21000 identifiers...
Queried first 22000 identifiers...
Queried first 23000 identifiers...
Queried first 24000 identifiers...
Queried first 25000 identifiers...
Queried first 26000 identifiers...
Queried first 27000 identifiers...
Queried first 28000 identifiers...
Queried first 29000 identifiers...
Queried first 30000 identifiers...
Queried first 31000 identifiers...
Queried first 32000 identifiers...
Queried first 33000 identifiers...
Queried first 34000 identifiers...
Queried first 35000 identifiers...
Queried first 36000 identifiers...
Queried first 37000 identifiers...
Queried first 38000 identifiers...
Queried first 39000 identifiers...
Queried first 40000 identifiers...
Queried first 41000 identifiers...
Queried first 42000 identifiers...
Queried first 43000 identifiers...
Queried first 44000 identifiers...
Queried first 45000 identifiers...
Queried first 46000 identifiers...
Queried first 47000 identifiers...
Queried first 48000 identifiers...
Queried first 49000 identifiers...
Queried first 50000 identifiers...
Queried first 51000 identifiers...
Queried first 52000 identifiers...
Queried first 53000 identifiers...
Queried first 54000 identifiers...
Queried first 55000 identifiers...
Queried first 56000 identifiers...
Queried first 57000 identifiers...
Queried first 58000 identifiers...
Queried first 59000 identifiers...
Queried first 60000 identifiers...
Queried first 61000 identifiers...
Queried first 62000 identifiers...
Queried first 63000 identifiers...
Queried first 64000 identifiers...
Queried first 65000 identifiers...
Queried first 66000 identifiers...
Queried first 67000 identifiers...
Queried first 68000 identifiers...
Queried first 69000 identifiers...
Created mapping file between UniProt ACs and entrez gene/locuslink in: /media/pieter/DATA/Wetenschap/Doctoraat/projects/host-pathogen-ppi-analysis/data/interim/all/mapping/entrez gene-locuslink2uniprot.txt.

entrez gene/locuslink: 45882 out of 68167 identifiers were succesfully remapped to UniProt accession numbers.

refseq: 198 identifiers found in dataset.
Queried first 1000 identifiers...
Created mapping file between UniProt ACs and refseq in: /media/pieter/DATA/Wetenschap/Doctoraat/projects/host-pathogen-ppi-analysis/data/interim/all/mapping/refseq2uniprot.txt.

refseq: 16 out of 198 identifiers were succesfully remapped to UniProt accession numbers.

No dip: identifiers found in dataset.

1193 identifiers were remapped to multiple UniProt accession numbers (denoted by the prefix "MULT_MAP" in the dataset) for a total of 80093 interactions.

Omitted 80093 PPIs due to the existance of multiple mappings.

Saved list of all UniProtACs to data/interim/all/all_identifiers.txt
