(hpi) pieter@pieter-XPS-15-9560 /media/pieter/DATA/Wetenschap/Doctoraat/projects/host-pathogen-ppi-analysis $ python src/scripts/extract_all_uniprot.py -i data/raw/ppi_data/ -o data/interim/all-online
Read PPI data set BIOGRID-ALL-3.4.160.mitab from data/raw/ppi_data/BIOGRID-ALL-3.4.160.mitab
Read PPI data set hpidb2-19.02.2018.mitab from data/raw/ppi_data/hpidb2-19.02.2018.mitab
Read PPI data set intact-virus-22.03.2018.mitab from data/raw/ppi_data/intact-virus-22.03.2018.mitab
Read PPI data set virhostnet-01.2018.mitab from data/raw/ppi_data/virhostnet-01.2018.mitab
Read PPI data set phi_data.csv from data/raw/ppi_data/phi_data.csv
1715433 unique identifiers in column xref_A did not conform to the PSI-MITAB format (multiple identifiers were present) and a fix was attempted.

1715433 unique identifiers in column xref_B did not conform to the PSI-MITAB format (multiple identifiers were present) and a fix was attempted.

WARNING: interaction dataset contains "intact" entries, which could not be remapped to UniProt AC (check all possible mappings at https://www.uniprot.org/help/api_idmapping .

WARNING: interaction dataset contains "chebi" entries, which could not be remapped to UniProt AC (check all possible mappings at https://www.uniprot.org/help/api_idmapping .

WARNING: interaction dataset contains "-" entries, which could not be remapped to UniProt AC (check all possible mappings at https://www.uniprot.org/help/api_idmapping .

ddbj/embl/genbank: 4 identifiers found in dataset.
chunk ['AB047639' 'M11841' 'K02718' 'AF038403.1']
Created mapping file between UniProt ACs and ddbj/embl/genbank in: /media/pieter/DATA/Wetenschap/Doctoraat/projects/host-pathogen-ppi-analysis/data/interim/all-online/mapping/ddbj-embl-genbank2uniprot.txt.

ddbj/embl/genbank: 3 out of 4 identifiers were succesfully remapped to UniProt accession numbers.

ensembl: 2 identifiers found in dataset.
chunk ['ENSG00000078900' 'ENSG00000145386']
Created mapping file between UniProt ACs and ensembl in: /media/pieter/DATA/Wetenschap/Doctoraat/projects/host-pathogen-ppi-analysis/data/interim/all-online/mapping/ensembl2uniprot.txt.

ensembl: 2 out of 2 identifiers were succesfully remapped to UniProt accession numbers.

ensemblgenomes: 1 identifiers found in dataset.
chunk ['YPL248C']
Created mapping file between UniProt ACs and ensemblgenomes in: /media/pieter/DATA/Wetenschap/Doctoraat/projects/host-pathogen-ppi-analysis/data/interim/all-online/mapping/ensemblgenomes2uniprot.txt.

ensemblgenomes: 1 out of 1 identifiers were succesfully remapped to UniProt accession numbers.

entrez gene/locuslink: 68167 identifiers found in dataset.
chunk ['6416' '84665' '90' '2624' '6118' '375' '377' '54464' '351' '333' '10370'
 '2033' '338' '409' '1436' '7916' '27257' '6521' '602' '153' '672' '421'
 '5092' '5664' '825' '3708' '9223' '5925' '7251' '4998' '5000' '4174'
 '8317' '4999' '10926' '10270' '4171' '6117' '6119' '5001' '4172' '7534'
 '81704' '9322' '1033' '5932' '9464' '1213' '3486' '7295' '1386' '896'
 '10928' '5479' '1465' '1445' '1634' '6493' '6492' '266743' '1839' '5111'
 '11073' '2316' '27258' '25804' '23658' '1387' '4926' '54512' '5335'
 '3895' '3791' '133522' '6597' '79039' '2099' '2260' '7040' '7341' '51678'
 '2566' '2810' '7041' '2908' '2645' '3309' '6514' '6517' '2898' '2897'
 '904' '10287' '3298' '3984' '2252' '708' '3646' '3178' '4670']
chunk ['31078' '31079' '31083' '36975' '40894' '31381' '40469' '31090' '40467'
 '40300' '33175' '33179' '40309' '37514' '38369' '40461' '33184' '44505'
 '38376' '44098' '43585' '40760' '48337' '40458' '43724' '38412' '33896'
 '39381' '46027' '39376' '33196' '39357' '43756' '40084' '31151' '32362'
 '38503' '38480' '38473' '31158' '33197' '33194' '44392' '33841' '42484'
 '38456' '35425' '48312' '35808' '31050' '31048' '47763' '39317' '32471'
 '41600' '32514' '40644' '35523' '32106' '32104' '40986' '33044' '39293'
 '50003' '41227' '33388' '32088' '33033' '32079' '41023' '41031' '32074'
 '36110' '36102' '45325' '42998' '42999' '43000' '40263' '36678' '39252'
 '32145' '36687' '39213' '38259' '43424' '33232' '43016' '43023' '43035'
 '43041' '34917' '41256' '43435' '43437' '43050' '43441' '43446' '36121'
 '33215']
chunk ['34999' '34997' '35507' '44672' '35185' '35195' '44355' '41406' '39549'
 '41425' '39543' '43130' '33954' '43093' '36603' '33078' '3355072' '31879'
 '31880' '32090' '43820' '3355124' '32094' '38656' '43699' '33081' '37111'
 '37112' '37113' '3355114' '35212' '42022' '35205' '35198' '36414' '36411'
 '35341' '31384' '33573' '33139' '33142' '33143' '47765' '32107' '40275'
 '35540' '33353' '39452' '39494' '43981' '45307' '32278' '33356' '36001'
 '38407' '38398' '41490' '36333' '38768' '50356' '36111' '44913' '50374'
 '30996' '34162' '42144' '42143' '42142' '35998' '47718' '34191' '36239'
 '31965' '31810' '34269' '43369' '36059' '42743' '30995' '34996' '35000'
 '35004' '35005' '43727' '47852' '35007' '39717' '37481' '43571' '43769'
 '35702' '34808' '43873' '37357' '43728' '36154' '42146' '3355130' '32165'
 '34943']
chunk ['39136' '39132' '34038' '44437' '38973' '39374' '41824' '41562' '31429'
 '35043' '32777' '40062' '42919' '39645' '40052' '41972' '34751' '32865'
 '31425' '41823' '41423' '40222' '42684' '42514' '42647' '32871' '42643'
 '42495' '42642' '42626' '38940' '32787' '34079' '38942' '34067' '40448'
 '40434' '40432' '42187' '34061' '34060' '40395' '32794' '38944' '42177'
 '32788' '42160' '34086' '39351' '41802' '40361' '40360' '40997' '42145'
 '33774' '38916' '42140' '34095' '40428' '38719' '38915' '34780' '38721'
 '38871' '38912' '34097' '39683' '40992' '40451' '39289' '41599' '40377'
 '48973' '38844' '39956' '40183' '39954' '43490' '41602' '53442' '40186'
 '43003' '42239' '40373' '36186' '40191' '40172' '36674' '40174' '34147'
 '48228' '40963' '34140' '40177' '34138' '43515' '35536' '35533' '38184'
 '43549']
chunk ['39354' '31006' '43809' '42267' '40780' '43816' '41985' '40888' '40886'
 '40887' '40889' '40517' '326273' '37482' '41693' '32168' '50251' '49045'
 '41091' '36068' '45707' '43529' '43828' '32039' '34219' '35981' '35232'
 '45928' '34837' '35984' '43730' '39138' '39125' '35988' '36753' '36486'
 '33056' '32120' '34451' '35781' '33350' '32358' '35445' '41448' '39225'
 '39224' '32656' '32124' '36105' '35155' '32125' '48316' '36045' '36023'
 '35810' '41404' '32207' '39659' '44205' '31093' '37095' '37096' '38958'
 '33439' '53510' '42644' '42622' '42188' '41552' '42216' '34371' '39205'
 '37031' '44441' '50101' '59246' '32604' '43484' '35742' '59157' '43952'
 '59164' '41126' '40260' '59171' '59173' '59176' '43594' '32142' '43737'
 '38362' '43378' '45285' '43800' '43741' '43491' '40848' '38241' '47186'
 '43747']
chunk ['34141' '31230' '43532' '34139' '36845' '39666' '43530' '41776' '32771'
 '35522' '35539' '35537' '45908' '32488' '39572' '38890' '42169' '38895'
 '34800' '43566' '43569' '42173' '39221' '43580' '38198' '41768' '38221'
 '36826' '39186' '35927' '36686' '40170' '39161' '41035' '41108' '41622'
 '41135' '36698' '41139' '47121' '32753' '39147' '44702' '36720' '39143'
 '32513' '36726' '36727' '36728' '36731' '41153' '35898' '35897' '35893'
 '36563' '35877' '38878' '36747' '34125' '36851' '41054' '41056' '40167'
 '36292' '36571' '38740' '41185' '43162' '36769' '36575' '36303' '36774'
 '36576' '36775' '36789' '36791' '36795' '36797' '41633' '36578' '36337'
 '41200' '34110' '38842' '36583' '36376' '38824' '38821' '31240' '38811'
 '41627' '38809' '36592' '36383' '38807' '38799' '38794' '38779' '38775'
 '38773']
chunk ['177873' '175142' '178295' '174751' '173124' '177161' '189157' '172118'
 '179709' '179981' '172726' '172728' '176808' '175195' '178612' '173440'
 '177821' '173449' '176495' '174964' '174698' '175950' '190860' '178447'
 '173306' '173323' '172926' '190930' '172924' '172141' '172138' '172145'
 '190976' '178482' '172054' '189435' '181621' '174847' '189457' '174848'
 '174838' '189467' '177244' '173149' '173151' '179824' '175738' '189606'
 '176703' '189617' '176702' '173244' '189639' '173858' '189676' '189695'
 '189689' '176490' '176483' '189722' '180245' '176715' '176716' '176736'
 '176733' '171788' '173214' '176605' '176608' '177480' '177914' '189849'
 '177994' '176749' '176750' '175547' '178320' '189959' '176561' '178840'
 '171917' '175008' '175007' '171599' '176661' '176660' '173681' '190110'
 '180213' '178465' '190159' '190148' '190187' '174531' '174530' '175162'
 '190226' '190243' '171891' '171890']
chunk ['851558' '856056' '856920' '851147' '851119' '850950' '850803' '850785'
 '854869' '852093' '852004' '851803' '856482' '852377' '851811' '855699'
 '853283' '854387' '855968' '852958' '850570' '856885' '850883' '854664'
 '855568' '852664' '854446' '854533' '853355' '856167' '856425' '851709'
 '854886' '852719' '855471' '851975' '854402' '854925' '851373' '851334'
 '851500' '853858' '855963' '854747' '854111' '851216' '855241' '855336'
 '851066' '854678' '852071' '851457' '853274' '850706' '851274' '850453'
 '852433' '854693' '855547' '851485' '855238' '851518' '851724' '856472'
 '856519' '855841' '856081' '854659' '856595' '855052' '851911' '856787'
 '856724' '855426' '855288' '852659' '853252' '854034' '854731' '853994'
 '854535' '851720' '850641' '856520' '851421' '854042' '853512' '856908'
 '854036' '854852' '855656' '855409' '851805' '853479' '852255' '856571'
 '855950' '850692' '852385' '852790']
chunk ['222389' '1937' '10521' '283518' '23543' '362' '4678' '10488' '6297'
 '8851' '3433' '55322' '3728' '5129' '79571' '51157' '57333' '26505'
 '1615' '196383' '5050' '11145' '7408' '153733' '4833' '2762' '6687'
 '51138' '9470' '4698' '11158' '7979' '9636' '26511' '6616' '54974' '5859'
 '55698' '7168' '10907' '57326' '26061' '23199' '2752' '10489' '6464'
 '51074' '7135' '51361' '5990' '4354' '83640' '1152' '54165' '2203' '5372'
 '9456' '6944' '85359' '1848' '9111' '85302' '10179' '8324' '7314' '55565'
 '8697' '66036' '8637' '7429' '25876' '6231' '4841' '11275' '23283' '4520'
 '51364' '56998' '11020' '11091' '26039' '10087' '80125' '138046' '79088'
 '1295' '113878' '5635' '55198' '9413' '4967' '60313' '6890' '51421'
 '5080' '9342' '84224' '5211' '86' '7755']
chunk ['854954' '853748' '854540' '855060' '851452' '852312' '853568' '850822'
 '855689' '854647' '855218' '852535' '854997' '853359' '851092' '856458'
 '851320' '850513' '850889' '852322' '851751' '853509' '852868' '854851'
 '852805' '855785' '854327' '854114' '856366' '850888' '856565' '853154'
 '852667' '851531' '854688' '854262' '854322' '854735' '850863' '851744'
 '854742' '853863' '854702' '853315' '855407' '854192' '852833' '853097'
 '855492' '852714' '853148' '850515' '855765' '856020' '850768' '855821'
 '851753' '851213' '853350' '854778' '855555' '852193' '853961' '855745'
 '854485' '853043' '850345' '850516' '855323' '852697' '851841' '855496'
 '853824' '853817' '853546' '854032' '853904' '856886' '855535' '852057'
 '852951' '855259' '852308' '856749' '853317' '856030' '853488' '851904'
 '851774' '852756' '852694' '855208' '853556' '855834' '853372' '856561'
 '851358' '855054' '855035' '850885']
chunk ['852318' '852343' '852354' '852359' '852378' '852392' '852436' '852445'
 '852446' '852447' '852485' '852493' '852496' '852513' '852516' '852519'
 '852551' '852571' '852584' '850343' '850396' '850410' '850414' '850434'
 '850437' '850439' '850449' '850452' '851557' '851543' '851530' '851525'
 '851507' '851506' '851466' '851455' '851442' '851416' '851412' '851346'
 '851356' '851569' '851585' '851614' '851618' '851690' '851717' '851719'
 '851725' '851743' '851807' '851820' '851821' '851835' '851838' '851865'
 '851893' '851909' '851921' '851930' '851937' '851956' '851964' '851993'
 '852006' '852014' '852064' '852073' '852074' '852086' '852112' '852113'
 '852127' '852129' '852131' '852146' '856717' '856704' '856699' '856690'
 '856667' '856655' '856752' '856757' '856771' '856774' '856776' '856800'
 '856802' '856811' '856822' '856825' '856827' '856835' '856852' '856882'
 '856890' '856921' '850549' '850534']
chunk ['851846' '851850' '851920' '852154' '856698' '856670' '856663' '856647'
 '856642' '856760' '856865' '850558' '852842' '852721' '852688' '852957'
 '853110' '853162' '856400' '856473' '856513' '854716' '854833' '853288'
 '853237' '853464' '853466' '853516' '853518' '853823' '853816' '853975'
 '850717' '850738' '850798' '850816' '850972' '851167' '854994' '854965'
 '855364' '855570' '855563' '855385' '853989' '854225' '854278' '854326'
 '854338' '854478' '854562' '854567' '856035' '856028' '856017' '856010'
 '855944' '856198' '851527' '851010' '855441' '850605' '855530' '853660'
 '855395' '854834' '856888' '854394' '853290' '855861' '855289' '856331'
 '852105' '854135' '852076' '852484' '854047' '853930' '855026' '855754'
 '851056' '79840' '852106' '5328' '90070' '2247' '23111' '2539036'
 '852289' '853003' '2540234' '5366' '12125' '10018' '27113' '638' '389692'
 '5420' '56672' '1017']
chunk ['2540156' '2543399' '2541727' '2539285' '2540792' '2541474' '2539920'
 '2542311' '2541117' '2543554' '2539481' '2542539' '2539403' '2541347'
 '2542844' '2539770' '2539966' '2538720' '3361400' '2539861' '2541973'
 '2543273' '2541326' '2542467' '2541220' '2542226' '2542463' '2541200'
 '2542869' '2541587' '2541512' '2540911' '2538848' '2543044' '2539511'
 '2540664' '2542137' '2542252' '2539547' '2542756' '2542195' '2542696'
 '2541695' '2543010' '2539847' '2540381' '2543446' '2541264' '2542531'
 '2540100' '2542772' '2540735' '2543310' '2543041' '2541613' '2541682'
 '2542140' '2541887' '2540002' '2540873' '2540019' '2539857' '2540960'
 '2543627' '2539479' '2539455' '2539783' '2539219' '2543537' '2539016'
 '2541856' '2539467' '2540047' '2542198' '2540219' '2540121' '2540099'
 '2543671' '2540481' '2539773' '2542571' '2542896' '2541298' '2540438'
 '2539371' '2540847' '2541209' '2542482' '2538832' '2541619' '2540292'
 '2542097' '2539794' '2542233' '2543112' '2541446' '2540793' '2541910'
 '2540341' '2539640']
chunk ['6277' '51567' '3760' '4684' '60412' '1277' '2690' '9466' '3845' '9770'
 '5364' '6441' '10825' '7043' '4628' '5087' '79595' '51742' '64426'
 '51068' '10673' '80198' '10106' '6005' '6829' '55670' '81848' '90411'
 '854687' '9510' '7422' '25776' '4152' '6657' '2147' '11187' '3977' '3074'
 '2776' '204851' '8930' '10987' '5803' '8208' '855564' '5608' '5414'
 '26136' '9187' '8091' '6588' '8626' '9690' '961' '914' '8805' '7625'
 '793' '4666' '831' '5036' '3356' '10168' '5567' '6399' '1066' '79706'
 '83461' '10979' '54751' '4012' '4846' '2983' '6383' '5576' '687' '10006'
 '4793' '28512' '6622' '6531' '4144' '83666' '151636' '1840' '6000' '5618'
 '8898' '6305' '151987' '50628' '6663' '2961' '3159' '853586' '54457'
 '9667' '56616' '3015' '6281']
chunk ['6138' '6142' '6159' '6133' '6204' '27330' '22800' '9853' '9905' '6279'
 '6311' '23256' '22955' '5104' '6447' '6487' '8402' '28965' '10991' '6613'
 '23478' '11098' '6744' '9913' '27067' '81551' '29888' '10273' '25870'
 '20924' '79723' '6840' '10630' '6866' '6901' '79735' '6904' '6943' '6997'
 '7013' '199745' '4071' '7105' '8794' '8743' '56984' '11189' '114034'
 '9804' '55872' '9540' '7164' '80128' '7259' '73710' '10381' '23190'
 '7358' '7372' '8237' '8975' '23326' '10406' '7511' '9278' '55905' '80345'
 '92285' '84622' '5826' '10551' '213' '306' '10190' '399' '51593' '427'
 '537' '9296' '567' '25855' '55643' '80007' '79686' '56252' '57002'
 '55848' '57332' '6362' '1008' '1124' '1160' '23412' '9377' '1345' '8738'
 '78987' '1396' '10540' '54541']
chunk ['55805' '3562' '3802' '56729' '5864' '3170' '2444' '3337' '3301' '192258'
 '170840' '113894' '16647' '16646' '12695' '995' '9088' '930' '1380' '330'
 '57731' '27250' '6207' '6125' '3925' '9518' '396040' '14388' '23559'
 '23558' '1284' '5340' '7448' '7450' '58822' '7163' '5450' '2909' '8739'
 '1827' '27242' '10963' '4281' '10612' '85363' '117854' '81603' '114088'
 '81559' '7706' '7726' '11074' '9043' '11911' '7091' '13144' '53424'
 '100986' '269682' '72236' '77053' '8740' '4055' '1050' '81647' '5360'
 '336' '7410' '10451' '1740' '2162' '84676' '5189' '5190' '29098' '1104'
 '134' '6786' '57620' '7078' '5745' '74155' '10845' '7266' '6710' '64407'
 '722' '9175' '10935' '4311' '23426' '2892' '2893' '8871' '15511' '2244'
 '9961' '3751' '10788' '4783']
chunk ['819785' '822000' '101206' '9968' '64127' '7016' '10420' '10923' '3459'
 '3460' '5992' '3958' '7169' '25759' '7079' '5213' '64332' '5753' '821455'
 '852470' '7433' '1002' '26469' '6923' '3240' '1438' '64398' '116549'
 '854296' '1179' '51363' '2046' '3640' '856036' '850996' '3575' '23462'
 '1235' '57045' '649' '2281' '7850' '2038' '11276' '94' '814714' '823965'
 '836412' '838487' '818730' '824871' '843828' '818662' '820940' '827297'
 '829322' '814707' '1121' '6529' '856123' '856247' '26413' '11178' '1047'
 '25897' '627' '851484' '854489' '853674' '856026' '852489' '851169'
 '854759' '851990' '850770' '2538936' '2542682' '2542071' '2541545'
 '2540012' '2542703' '2540601' '2539655' '9169' '360820' '114901' '2740'
 '856173' '850529' '854314' '856152' '2541801' '2542638' '2538881'
 '2540474' '2541781' '2539144' '2538836' '2540749' '2541355']
chunk ['2899' '2944' '2946' '629' '57018' '117274' '57381' '12142' '56480'
 '6653' '26940' '16179' '26401' '63971' '5707' '5091' '397800' '397799'
 '4050' '6002' '84552' '60626' '23161' '29491' '2977' '932' '3001' '959'
 '6767' '7375' '1131' '3048' '3730' '9244' '65108' '9863' '51164' '29970'
 '30953' '80781' '1794' '8672' '19353' '280993' '55679' '6607' '8664'
 '16180' '374018' '6329' '4836' '51475' '3753' '23406' '5646' '26502'
 '4058' '8496' '4066' '6887' '662' '7058' '9156' '1378' '3439' '117955'
 '12638' '729' '3684' '2706' '59020' '84967' '864' '3959' '4052' '4001'
 '828151' '826409' '830015' '816334' '843445' '831611' '830125' '826418'
 '836743' '80331' '2861' '103' '396440' '26409' '18186' '21853' '3656'
 '10049' '10024' '4600' '26408' '26406' '575' '51412']
chunk ['842243' '855603' '819172' '830366' '842081' '837566' '826364' '829435'
 '843877' '258010' '839350' '835507' '841029' '817019' '818408' '830160'
 '816623' '829308' '844423' '817039' '819925' '828556' '830912' '839453'
 '818568' '818167' '829840' '816908' '817264' '829613' '816137' '817343'
 '838558' '843388' '832593' '830973' '829335' '838946' '842602' '831813'
 '57680' '9555' '8242' '83746' '83637' '821151' '836212' '826795' '831224'
 '824890' '819174' '829950' '832724' '842841' '842838' '832771' '829811'
 '836337' '819755' '826727' '832765' '832767' '842380' '836165' '839874'
 '844133' '833852' '841234' '836658' '836006' '835009' '835002' '840050'
 '832865' '840051' '841112' '830341' '821396' '838818' '55636' '3361562'
 '306332' '499558' '85327' '84092' '7328' '11065' '53347' '9646' '7703'
 '5225' '80854' '2541155' '2539644' '2541704' '2538738' '2542267' '54623'
 '55236' '415296']
chunk ['92912' '29089' '148581' '55284' '54607' '2542174' '2539923' '2539171'
 '2541313' '2543377' '837040' '2540768' '855857' '3565767' '855650'
 '2543346' '2542789' '825347' '817155' '854117' '818609' '2543358'
 '2538726' '2541500' '51426' '853891' '854769' '55293' '7335' '100131816'
 '63893' '7326' '118424' '140739' '27338' '856794' '9217' '117060'
 '814930' '856534' '2019' '51141' '853624' '835882' '828791' '5802740'
 '2539540' '819858' '149628' '55120' '2542259' '5802965' '2541265'
 '2541867' '36015' '38959' '36699' '43163' '40669' '36705' '39881' '31011'
 '39617' '32973' '34565' '42305' '42313' '38146' '37142' '41366' '32837'
 '33507' '34171' '38244' '39387' '41140' '45318' '36750' '36080' '318949'
 '40014' '44115' '34842' '39746' '42208' '41518' '32078' '40162' '36266'
 '37564' '32322' '32608' '42093' '42964' '6932' '83439' '853209' '3361521'
 '2538706' '398295']
chunk ['398099' '733264' '398599' '25705' '501099' '25631' '79685' '3772715'
 '98558' '56461' '836236' '815177' '829105' '176554' '69260' '15078'
 '170821' '20674' '2543147' '2538775' '58525' '4824' '2540531' '2539206'
 '2539205' '8328' '27223' '10395' '5626' '23125' '74769' '15468' '835775'
 '830834' '836431' '56321' '836244' '2539101' '2542018' '2542227'
 '2541250' '64783' '2116' '55818' '42314' '25502' '9031' '853778' '80185'
 '74370' '78757' '56716' '235610' '323630' '80972' '768303' '568986'
 '393134' '92283' '78284' '12916' '148327' '64424' '841447' '57132'
 '114803' '7444' '12070' '15194' '172882' '176773' '17937' '4665' '3642'
 '3299' '320332' '52609' '54625' '28999' '126433' '84959' '854573'
 '398696' '10724' '9787' '2541028' '2541314' '20683' '855008' '851991'
 '2542059' '2539385' '2540120' '2540714' '2542649' '2542168' '2542950'
 '2543160' '46156' '24149']
chunk ['446260' '6239' '32461' '81887' '6883' '840386' '831158' '842777'
 '821930' '2541839' '820223' '825338' '824484' '832170' '2541990'
 '2543396' '2540730' '2541044' '836806' '854226' '838310' '843577'
 '832214' '818025' '841271' '834719' '827511' '93760' '4659' '6604'
 '5727449' '832259' '825004' '821874' '837454' '837255' '835250' '817362'
 '821937' '10294' '842885' '831232' '828241' '825842' '824478' '828812'
 '827637' '830374' '815211' '834483' '839362' '836508' '830785' '832359'
 '816502' '829037' '816486' '829072' '823396' '823542' '825503' '836440'
 '6830' '20926' '843890' '829712' '834892' '8487' '8082' '850828' '3239'
 '14245' '4776' '23175' '84911' '2541659' '2540105' '813466' '398131'
 '14783' '256646' '221656' '54904' '28989' '23135' '821325' '832801'
 '843693' '55193' '854695' '853316' '856788' '853623' '854570' '856349'
 '856855' '852012' '852098' '851111' '855266']
chunk ['79671' '4940' '9755' '353376' '200081' '55787' '81622' '837042' '824650'
 '819969' '844344' '837494' '838108' '842617' '818443' '833969' '818487'
 '838889' '820870' '818339' '839017' '819193' '844146' '824459' '816532'
 '843106' '843317' '820580' '823352' '814708' '818416' '817370' '842354'
 '817123' '821098' '838882' '817609' '822503' '839305' '831071' '844166'
 '820581' '840164' '820989' '843671' '837995' '842361' '820188' '839481'
 '838869' '843114' '821161' '829710' '844130' '830602' '2745418' '828993'
 '841246' '842722' '831708' '837998' '826635' '839619' '831756' '828982'
 '819384' '821920' '839878' '816579' '821587' '827962' '839446' '5008005'
 '820120' '818790' '827960' '839083' '839290' '819633' '829433' '825150'
 '819549' '838377' '817965' '839001' '837256' '820857' '842873' '827932'
 '827153' '2745608' '819302' '817970' '820397' '829043' '839787' '821723'
 '823982' '820599' '824120']
chunk ['817130' '837036' '837539' '819838' '820665' '835601' '822589' '816677'
 '839330' '822429' '824308' '815843' '821915' '838039' '827147' '818892'
 '818061' '830899' '819895' '844137' '819075' '842700' '832326' '817498'
 '832077' '817485' '840199' '820118' '829844' '826572' '821470' '843057'
 '824855' '821026' '825032' '825183' '844096' '844299' '829394' '844267'
 '841399' '824087' '829662' '817695' '818705' '820196' '828460' '843653'
 '837917' '842767' '838486' '816467' '825828' '833203' '821826' '827040'
 '842041' '821152' '832127' '842229' '819883' '836039' '844245' '819070'
 '842385' '831929' '819185' '838086' '821488' '837438' '818037' '839429'
 '829699' '821005' '820088' '818223' '817602' '829567' '816939' '821570'
 '840895' '839515' '837313' '829168' '823305' '824590' '818083' '842038'
 '820781' '818784' '844345' '839868' '828468' '830012' '820545' '840077'
 '818267' '816654' '817239' '837639']
chunk ['181124' '180127' '177295' '172127' '181255' '100009527' '917' '23770'
 '132625' '404281' '58186' '837530' '835438' '843058' '842674' '100009341'
 '21954' '290561' '25742' '81722' '290354' '949' '60383' '19172' '59029'
 '19166' '56436' '25130' '81803' '25558' '81804' '29244' '171128' '154664'
 '316258' '64563' '474928' '18049' '176526' '106052' '11423' '12986'
 '11123' '10468' '81649' '315139' '947429' '946985' '24511' '24907'
 '23109' '155465' '29476' '17181' '280794' '175210' '9397' '17132'
 '680127' '16772' '3912' '20375' '12394' '79918' '172045' '779040'
 '171044' '38155' '822252' '818224' '833459' '838406' '54930' '79441'
 '115106' '55142' '23354' '55559' '93323' '54801' '121441' '414712'
 '57764' '93687' '18753' '15507' '17966' '79362' '114856' '308362' '65020'
 '23030' '303285' '503670' '66720' '10397' '99890' '853640' '851651'
 '856786']
chunk ['33399' '828013' '55994' '19763' '69504' '3077532' '830335' '817612'
 '1376' '398012' '397785' '817575' '836602' '830601' '390594' '855905'
 '854670' '4927' '24860' '13609' '3214' '831168' '838492' '844770'
 '824027' '838161' '828016' '51062' '852542' '855513' '13043' '71718'
 '23677' '2541900' '21951' '6769' '81605' '90353' '4154' '826984' '824050'
 '835300' '817032' '818571' '5007942' '829733' '35744' '318918' '838792'
 '819959' '828927' '328483' '14360' '2542052' '12877' '15567' '17215'
 '84461' '79959' '80184' '326128' '10626' '837791' '824882' '815069'
 '838268' '14011' '19213' '4961493' '26054' '23194' '5326' '291609'
 '58164' '21841' '21843' '8284' '25827' '147945' '23220' '1724714'
 '140685' '27351' '3094' '395207' '395316' '3221' '3140' '100301531'
 '24954' '12447' '25988' '73086' '10461' '853887' '447494' '172890'
 '395135' '395134' '495124']
chunk ['704026' '321837' '362849' '83605' '60562' '7023' '7690' '3783726'
 '16331' '184363' '85421' '1891' '114928' '51645' '9823' '9842' '2661'
 '7582' '148362' '192193' '84350' '25737' '36432' '36612' '176444' '35686'
 '227753' '813740' '16480' '2535' '19247' '22194' '114559' '378435'
 '25622' '6530' '20564' '19876' '4594' '166785' '26509' '5548' '79694'
 '22612' '10178' '8844' '4059' '1497091' '361677' '174576' '172755'
 '56155' '23166' '109880' '72399' '92345' '200845' '123' '439' '293705'
 '179358' '172278' '177342' '397796' '20184' '74018' '64100' '844304'
 '608738' '312' '403935' '729873' '55521' '65115' '22378' '65116' '56722'
 '65112' '26273' '58194' '838281' '25999' '229791' '77219' '19089'
 '330863' '94090' '57407' '445403' '850501' '851141' '853693' '852520'
 '851315' '851303' '851625' '851977' '852015' '852138' '856658']
chunk ['56987' '81788' '2182' '84154' '84777' '91894' '55850' '8342' '64097'
 '284273' '83478' '9201' '57595' '6203' '6206' '10814' '2584' '6217'
 '5149' '84706' '57182' '94274' '79074' '2117' '9060' '92170' '10120'
 '139067' '9567' '57704' '740' '133619' '55510' '25873' '11325' '6954'
 '84632' '119' '60682' '65992' '6171' '124995' '22826' '53349' '22891'
 '64799' '55252' '22862' '9196' '79002' '114885' '90624' '541472' '25953'
 '80820' '113251' '55168' '9655' '23179' '56894' '10573' '83657' '51056'
 '23' '55156' '8939' '51218' '63935' '84294' '140545' '83853' '127396'
 '51474' '7274' '54065' '55132' '57645' '79171' '3033' '89882' '80301'
 '7570' '6903' '9957' '150209' '81608' '554236' '51318' '54462' '29080'
 '65003' '7549' '57862' '10476' '57035' '3047' '414918' '257415' '160492'
 '1339']
chunk ['4143' '5230' '55226' '9868' '83658' '221613' '84365' '23195' '4522'
 '7311' '10056' '55860' '55794' '790' '27349' '226' '1355' '3841' '22907'
 '3305' '5250' '3849' '25813' '56902' '8321' '523' '55833' '10269' '38'
 '10627' '140801' '1509' '11034' '55573' '133686' '220717' '57466'
 '140809' '9380' '5019' '79178' '7064' '55621' '10535' '79621' '11196'
 '85451' '51119' '113246' '10768' '65260' '9904' '57794' '10240' '10447'
 '4774' '27341' '10137' '5939' '5538' '254863' '84418' '55183' '56954'
 '92609' '9736' '3013' '53938' '93144' '26589' '55177' '7298' '4358'
 '10102' '2590' '6817' '8942' '57721' '55720' '10147' '23530' '51060'
 '51110' '342538' '51142' '60488' '27340' '81855' '191' '10531' '55665'
 '23212' '9374' '53' '10232' '196463' '11194' '51133' '29919' '91137']
chunk ['70834' '19411' '19116' '18952' '818220' '837904' '819567' '830017'
 '14629' '545486' '74334' '16898' '224020' '104718' '668212' '50905'
 '8287' '26249' '22224' '55175' '9948' '9819' '821383' '837654' '855415'
 '79001' '228714' '217588' '53560' '282318' '287022' '83431' '380684'
 '387609' '93675' '192292' '215789' '64214' '17240' '398213' '16502'
 '16498' '16490' '215031' '192160' '71893' '18226' '105782' '58240'
 '80707' '56513' '12540' '75974' '105445' '210293' '22772' '74318' '57650'
 '11262' '114851' '16188' '12984' '680111' '12633' '843366' '25570'
 '81668' '100009272' '252859' '11538' '57799' '30054' '246746' '16500'
 '56338' '16591' '64654' '26398' '19373' '66616' '208154' '21813' '24686'
 '84469' '16847' '52822' '22341' '16800' '108723' '114712' '20589' '56505'
 '12229' '18810' '21389' '56376' '407831' '81757' '403728' '24627']
chunk ['14457' '12346' '16765' '94245' '22166' '25236' '21667' '83382' '60352'
 '379992' '852366' '3643493' '3637683' '3637327' '175681' '67414' '170731'
 '13800' '448987' '58911' '67902' '76800' '30930' '69091' '65114'
 '2540394' '20678' '20254' '27218' '11450' '16525' '216439' '15979'
 '2542245' '2540716' '2541735' '2542435' '2541934' '2541617' '2542446'
 '2542686' '2542725' '2541464' '2540422' '2540537' '2543004' '2541426'
 '2541490' '2541601' '2542410' '2542042' '2542731' '2542689' '2543208'
 '2540563' '2540324' '2538718' '2542470' '2540079' '2540402' '2543260'
 '2540817' '2543055' '2539919' '2541050' '3361466' '2539985' '2540625'
 '2538851' '2542396' '2542875' '2541507' '2541996' '2543198' '2541513'
 '2538843' '2540119' '2540526' '2541874' '2543581' '2542253' '2540540'
 '2542546' '231672' '500105' '12772' '100009325' '22209' '22210' '23900'
 '14127' '228359' '74499' '24416' '19652' '105653' '14260' '22380' '20265'
 '110876']
chunk ['813482' '813495' '813498' '813501' '813503' '813510' '813520' '813543'
 '813547' '813551' '813555' '813569' '813575' '813582' '813602' '813608'
 '813616' '813624' '813636' '813645' '811065' '811068' '811079' '811080'
 '811084' '811090' '811091' '811095' '811108' '811109' '811111' '811116'
 '811120' '811123' '811124' '811131' '811142' '811146' '811159' '811166'
 '811168' '811170' '811178' '811180' '811193' '811215' '811219' '811225'
 '811239' '811246' '811262' '811269' '811274' '811277' '811286' '811293'
 '811295' '811301' '811310' '811315' '811319' '811320' '811321' '811326'
 '811329' '811331' '811335' '811348' '811357' '811358' '811370' '811372'
 '811376' '811393' '811401' '811419' '811423' '811425' '811432' '811435'
 '811437' '811438' '811464' '811472' '811476' '811485' '811491' '811495'
 '811519' '811521' '811525' '811530' '811534' '811538' '811551' '811554'
 '811556' '3638941' '152007' '59272']
chunk ['2678' '84619' '79892' '252460' '72119' '2686' '843701' '816815' '829930'
 '818213' '824457' '820609' '815176' '835447' '828515' '819156' '827995'
 '850752' '3644037' '3639137' '856121' '2538902' '9164990' '218038'
 '2543009' '14432' '2543560' '2542077' '2541123' '63926' '9411' '586'
 '651' '63877' '374355' '56673' '80178' '78995' '388407' '400566' '162681'
 '79000' '128229' '84066' '149840' '54876' '91283' '158067' '79635'
 '147872' '348807' '152185' '90557' '91409' '91687' '79174' '23181'
 '84337' '143684' '81610' '139628' '122786' '84656' '9630' '730394'
 '440093' '22832' '125113' '3884' '3855' '84456' '150082' '92483' '431707'
 '55329' '25821' '284565' '4702' '5558' '55106' '84690' '202051' '10927'
 '9901' '6911' '374618' '8834' '54802' '23548' '155368' '140612' '129025'
 '84449' '147657' '79230' '126295' '121274' '58491' '374899' '221302']
chunk ['9827' '9851' '9852' '9889' '9899' '9936' '9949' '9963' '10361' '10385'
 '10391' '10437' '10443' '10469' '10490' '10597' '10615' '10629' '10651'
 '10667' '10738' '10781' '10794' '10797' '10879' '10894' '10904' '10906'
 '10948' '10954' '11070' '11092' '11094' '11185' '11199' '11270' '11285'
 '11314' '11341' '22795' '22864' '23005' '23034' '23127' '23143' '23177'
 '23201' '23270' '23367' '23438' '23473' '23479' '23500' '23503' '23555'
 '23609' '23762' '24139' '25763' '25796' '25901' '25924' '25940' '25983'
 '26098' '26152' '26228' '26231' '100505879' '26575' '26984' '27065'
 '27124' '27128' '27132' '27156' '27237' '27287' '27291' '27297' '27300'
 '27315' '27434' '28793' '28815' '28978' '29057' '29068' '29103' '29124'
 '29777' '29785' '29797' '29948' '29994' '51005' '51032' '51042' '51067'
 '51072']
chunk ['838600' '834380' '836241' '818234' '832098' '12933092' '826601' '816703'
 '837625' '843144' '830081' '830464' '831676' '838503' '102602108'
 '840953' '827550' '836617' '814896' '839405' '828706' '820448' '822196'
 '825807' '825809' '830273' '850426' '853262' '817788' '820060' '831648'
 '829482' '825148' '841923' '12879' '835632' '824001' '838510' '829839'
 '818570' '821195' '821964' '819176' '843716' '821717' '843216' '835234'
 '817103' '836789' '830434' '833308' '823634' '842839' '834562' '828325'
 '821081' '831267' '826730' '822157' '815147' '831668' '831234' '831828'
 '822199' '837906' '821719' '4349638' '4351362' '100736456' '100736524'
 '100736453' '100736516' '100736454' '100736517' '100736461' '100736247'
 '100736519' '100736549' '100736457' '100736520' '100736458' '100736521'
 '100736460' '100736459' '100736522' '100736547' '100736523' '828484'
 '76510' '75964' '542391' '832705' '819177' '819581' '100384477' '841321'
 '843224' '836381' '829408' '830765']
chunk ['854145' '853885' '853407' '72' '79073' '90417' '9054' '150274' '816235'
 '841492' '855215' '67474' '84896' '231413' '257019' '84978' '83937'
 '9182' '644943' '821444' '817649' '829891' '825856' '3770557' '826807'
 '837712' '828374' '832794' '824889' '837399' '838789' '30948' '73178'
 '20194' '20585' '66395' '100041194' '8239562' '26038' '839057' '834185'
 '824519' '822465' '841876' '819824' '827138' '831060' '837070' '814697'
 '831403' '835190' '822209' '836542' '821377' '834803' '834243' '818840'
 '820572' '831123' '818117' '829313' '837807' '830951' '814728' '838029'
 '837544' '821029' '836817' '839887' '820823' '827087' '816752' '820042'
 '840206' '843454' '834972' '835280' '840204' '816840' '836577' '814891'
 '838208' '826384' '827363' '829261' '820814' '836848' '842516' '820864'
 '844231' '820007' '836797' '832796' '832465' '825078' '832779' '3770302'
 '842164' '817451' '829189']
chunk ['4669' '26064' '56903' '113457' '85378' '391356' '6565' '267010' '831244'
 '853944' '854160' '26268' '828520' '832768' '819940' '817460' '824311'
 '817008' '840859' '817801' '820752' '834920' '834921' '23527' '677770'
 '821343' '823508' '821539' '825414' '825376' '827622' '8708' '15248'
 '57455' '16709' '2541870' '816614' '840116' '16846' '4617' '58206'
 '12224' '14194' '19346' '14569' '24924' '842940' '827164' '818207'
 '831278' '817919' '822143' '104118074' '844050' '4325700' '836845'
 '837246' '172065' '244551' '29264' '76707' '12931506' '12934354'
 '12933123' '12931805' '12932874' '12933779' '12932751' '12932456'
 '12930669' '12930381' '12931980' '12933747' '12933745' '12933727'
 '12930565' '12930315' '12930314' '12934169' '12933713' '12933035'
 '12931884' '12931889' '12933707' '12933706' '12933705' '12933704'
 '12932135' '12933959' '12933957' '12933680' '12933679' '12933678'
 '12931829' '12934457' '12932224' '12933641' '12933631' '12934462'
 '12933623']
chunk ['56961' '126669' '285489' '14728' '79949' '58473' '116362' '85013'
 '10100' '128434' '139170' '79970' '827328' '822317' '538486' '837876'
 '817641' '839965' '818077' '839791' '831687' '827594' '79142' '315707'
 '64019' '24782' '89890' '17451' '255061' '84079' '245886' '838680'
 '836478' '836480' '210035' '100037004' '114769' '733232' '839772'
 '824146' '362715' '25600' '307548' '83462' '89842' '139599' '23014'
 '64236' '820883' '818839' '824981' '4046' '24182' '114822' '833871'
 '824344' '887373' '318824' '34192' '78610' '817839' '816744' '834607'
 '822001' '829364' '310999' '75723' '22995' '8339' '820463' '818708'
 '844322' '843343' '827584' '4347672' '818491' '100125650' '843028'
 '3361543' '843847' '829213' '834543' '844252' '820477' '837638' '820049'
 '855287' '822312' '831285' '829834' '837098' '842854' '837949' '2541600'
 '57545' '145508' '23322' '132320' '27077' '80776']
chunk ['12930278' '12931418' '12930833' '12931168' '12933234' '12933791'
 '12933773' '12934130' '12932530' '12932102' '12933674' '12933896'
 '12930532' '12932924' '12933429' '12932447' '12933454' '12933774'
 '12931271' '12930342' '12930608' '12932561' '12931904' '12931525'
 '12930301' '12933935' '12933218' '12933798' '12931254' '12933096'
 '12933478' '12932545' '12932684' '12930926' '12930750' '12934368'
 '12933922' '12933869' '12930373' '12930769' '12931677' '12932689'
 '12934210' '12930914' '12930540' '12931015' '12931498' '12931369'
 '12931169' '12931013' '12933731' '12932822' '12932554' '12931170'
 '12932879' '12934265' '12933436' '12934281' '12930563' '12932212'
 '12931093' '12933781' '12934346' '12930344' '12930851' '12933865'
 '12930582' '12931713' '12930327' '12930372' '12931629' '12930380'
 '12931177' '12933771' '12933795' '12932333' '12934474' '12930641'
 '12931349' '12933786' '12934465' '12930630' '12933991' '12933822'
 '12933132' '12934482' '12932090' '12931739' '12931252' '12932981'
 '12932513' '12931718' '12933875' '12934256' '12933127' '12934039'
 '12933088' '12933339' '12930801' '12934060']
chunk ['850351' '850291' '850373' '1466398' '1466399' '850463' '850468' '851308'
 '851354' '851602' '851637' '851663' '851687' '851880' '851917' '852054'
 '852058' '1466438' '856711' '856640' '856636' '856634' '856633' '856762'
 '856793' '856797' '856809' '1466536' '856820' '856829' '1466537' '856935'
 '1466401' '850490' '850480' '1466456' '852699' '852626' '852642'
 '1466457' '853014' '853049' '853111' '1466462' '1466525' '856342'
 '1466529' '1466530' '1466531' '1466533' '856628' '854799' '854774'
 '854719' '1466491' '854642' '1466494' '853394' '853310' '1466465'
 '1466464' '853214' '853232' '853571' '853579' '853607' '853620' '853850'
 '1500486' '853720' '853874' '853919' '853949' '853960' '1466403' '850726'
 '1466410' '1466411' '850851' '1466416' '850901' '1466417' '850987'
 '1466419' '1466422' '851077' '1466423' '851185' '855010' '855004'
 '1466496' '854863' '854906' '855051' '855122' '855134' '855156' '855162'
 '855178' '855187']
chunk ['131578' '256933' '155185' '388951' '5020' '57613' '284467' '54769'
 '114625' '283375' '89932' '827' '8530' '221143' '3042' '27202' '2644'
 '92291' '116441' '284369' '8292' '79803' '219931' '85004' '374383'
 '85444' '55572' '5199' '201973' '2217' '346689' '257' '90861' '116150'
 '158787' '151195' '5275' '89970' '619279' '8564' '8808' '9213' '121355'
 '2687' '338376' '976' '401145' '594' '64881' '10281' '84124' '79905'
 '56928' '147837' '118490' '221188' '10599' '3484' '255252' '162515'
 '125893' '27304' '93979' '115399' '342184' '200958' '284359' '149297'
 '340385' '57116' '203100' '6856' '7761' '65988' '23155' '113802' '1672'
 '90701' '79862' '90332' '7180' '2779' '112942' '150572' '64116' '4973'
 '30832' '89944' '147495' '8875' '55954' '90231' '286133' '9956' '257062'
 '114571' '133396' '65993' '653220' '27039']
chunk ['38176' '38202' '38264' '38288' '38350' '38352' '38385' '38427' '38436'
 '38451' '38495' '38539' '38559' '38578' '38640' '38648' '38649' '38657'
 '38701' '38736' '38738' '38748' '38755' '38798' '38816' '38831' '38835'
 '38850' '38863' '38884' '38905' '38946' '38978' '39015' '39017' '39027'
 '39054' '39064' '39106' '39130' '39191' '39198' '39202' '39215' '39217'
 '39228' '39262' '39297' '39309' '39320' '39349' '39383' '39399' '39441'
 '39521' '39533' '39558' '39564' '39567' '39571' '39581' '39594' '39596'
 '39610' '39611' '39619' '39620' '39626' '39630' '39644' '39673' '39685'
 '39686' '39720' '39733' '39750' '39751' '39833' '39849' '39864' '39909'
 '39935' '39958' '39970' '39981' '39999' '40032' '40047' '40053' '40081'
 '40093' '40104' '40133' '40136' '40143' '40149' '40160' '40165' '40195'
 '40217']
chunk ['12930243' '12930257' '12933605' '12930310' '12932680' '12934107'
 '12934303' '12934171' '12932414' '12933634' '12930294' '12931140'
 '12933905' '12932619' '12931027' '12934451' '12930732' '12930707'
 '12933938' '12930752' '12932531' '12930215' '12930714' '12933349'
 '12932213' '12932360' '12931075' '12930651' '12931051' '12932431'
 '12932381' '12933053' '12934065' '12934362' '12931313' '12931997'
 '12934550' '12930715' '12933919' '12933187' '12932965' '12933026'
 '12930706' '12932989' '12931281' '12932767' '12930446' '12934123'
 '12930952' '12930942' '12931927' '12933222' '12930396' '12934493'
 '12930859' '12931109' '12930533' '12931432' '12930825' '12934119'
 '12930505' '12932373' '12932720' '12931909' '12932272' '12933907'
 '12932052' '12931469' '12932476' '12931795' '12930977' '12932509'
 '12931339' '12934282' '12932134' '12934412' '12932215' '12933498'
 '12933980' '12931591' '12933097' '12931817' '12931098' '12934091'
 '12930455' '12933146' '12932927' '12932970' '12930517' '12931957'
 '12931356' '12930740' '12932391' '12933918' '12932070' '12932348'
 '12932421' '12933927' '12931292' '12932921']
chunk ['4961504' '4961512' '4961435' '4961437' '4961488' '4961440' '4961497'
 '4961474' '84131' '4961472' '4961475' '4961458' '4961448' '4961496'
 '4961432' '4961445' '4961480' '4961492' '4961521' '4961455' '4961461'
 '4961466' '4961524' '4961444' '4961481' '4961471' '4961501' '148'
 '124997' '4586' '646982' '23880' '78473' '498697' '295929' '16906'
 '309969' '2707' '396032' '3249' '8847' '84417' '244650' '72844' '100515'
 '7955796' '100511026' '7451' '29545' '19133' '19881' '102157401'
 '9164973' '100008979' '29988' '7953619' '7953622' '7955150' '7953623'
 '947004' '948393' '834417' '552889' '29473' '29539' '100526683' '406883'
 '734487' '431809' '79870' '21356' '9992' '178855' '68099' '67009' '72016'
 '547253' '234779' '854696' '17931' '308405' '946278' '831330' '64440'
 '20983' '152485' '29815' '100049126' '281099' '23215' '100009271'
 '100009581' '100053958' '100289097' '100337511' '100499482' '10113'
 '10198' '10309' '10516']
chunk ['50463' '33822' '35850' '39098' '36540' '32049' '42490' '41164' '35065'
 '43102' '40666' '36562' '37856' '43639' '39874' '47729' '41408' '39005'
 '50433' '318996' '31280' '43482' '41610' '33846' '246568' '41055' '40064'
 '40588' '36310' '37986' '40256' '326144' '39996' '31017' '31844' '39123'
 '37176' '41156' '38623' '39359' '31550' '41377' '40504' '40096' '33708'
 '37084' '40695' '36196' '40945' '32857' '34573' '32674' '33933' '31210'
 '41912' '31319' '31776' '35695' '38277' '35386' '31237' '33869' '40691'
 '33704' '34016' '41373' '40111' '34975' '43562' '59240' '53547' '319030'
 '34469' '38553' '40255' '40568' '41623' '34577' '37158' '34627' '31732'
 '326188' '44079' '37664' '41567' '33829' '32373' '34094' '39392' '37860'
 '36954' '34980' '37165' '32737' '32701' '34196' '38274' '43112' '39629'
 '34684']
chunk ['176566' '171736' '180738' '175451' '185873' '182945' '181020' '178887'
 '171958' '175416' '173981' '173139' '171907' '191509' '179683' '184438'
 '176817' '178845' '179119' '175720' '176932' '175487' '172397' '180359'
 '176315' '171627' '176099' '178952' '178336' '182055' '173952' '177826'
 '177978' '173252' '174326' '180957' '171762' '174578' '182915' '178012'
 '178964' '174311' '180430' '176226' '176208' '182892' '176813' '189234'
 '173325' '172326' '189730' '176227' '175820' '173509' '173134' '172881'
 '183250' '175071' '180183' '177698' '173561' '186044' '182658' '173104'
 '176576' '175080' '172312' '177953' '172082' '177021' '187679' '177619'
 '172562' '185193' '174911' '178897' '173391' '184681' '186592' '188608'
 '187182' '174575' '182678' '183261' '171619' '174240' '177687' '178764'
 '185875' '176433' '178450' '176623' '177719' '176401' '178857' '176445'
 '176721' '184980' '179353' '180040']
chunk ['188816' '174279' '177758' '176097' '186299' '178381' '172954' '179968'
 '172431' '179718' '176016' '180313' '174451' '177350' '181121' '186536'
 '172704' '179884' '172037' '182179' '185374' '180149' '177250' '172502'
 '174797' '173695' '190780' '172769' '179705' '190894' '181481' '186111'
 '190661' '176659' '172405' '173810' '173019' '176136' '190193' '185729'
 '259546' '177007' '188408' '174979' '173863' '176834' '175422' '174878'
 '174778' '185600' '180072' '173678' '179389' '183426' '174111' '185868'
 '173503' '179849' '176534' '185249' '181567' '172957' '172518' '175407'
 '175521' '176832' '176504' '175503' '176228' '176386' '172670' '175757'
 '183218' '184042' '184916' '174681' '179670' '176517' '172558' '175081'
 '177989' '185123' '178489' '259649' '185810' '176729' '181053' '181309'
 '178533' '172694' '174074' '176491' '259389' '172675' '180299' '173958'
 '185456' '173177' '180907' '175361']
chunk ['2541342' '2539115' '2542790' '2543657' '2540868' '2543455' '2543229'
 '2542085' '2543681' '2539725' '2542343' '2543200' '2542734' '51705'
 '25139' '147011' '154007' '7504' '378643' '310218' '24533' '24189'
 '64520' '24957' '287876' '24551' '81818' '499110' '24399' '291081'
 '60416' '65152' '81918' '29489' '307169' '171574' '81522' '25751'
 '191573' '289623' '17909' '56527' '71774' '18476' '18655' '10266'
 '152789' '18628' '576' '242687' '245880' '1745' '91768' '319191' '54683'
 '852605' '6018' '58948' '361503' '308113' '60377' '25957' '9381' '2837'
 '226255' '850509' '117579' '121549' '150921' '644150' '1471' '54102'
 '2532' '309557' '9648' '4496' '4495' '64303' '268566' '81531' '360891'
 '268977' '16002' '57781' '6372' '29419' '6330' '57657' '115950' '76507'
 '143689' '440822' '5442' '80380' '210376' '333932' '259215' '117156'
 '92304' '3627']
chunk ['1466470' '1466413' '856245' '850789' '947447' '2541949' '5814844'
 '853006' '850858' '3799968' '3799972' '3799967' '854599' '850458'
 '854623' '821697' '835788' '834817' '830318' '817597' '829397' '826875'
 '831530' '2541558' '2541557' '852299' '851794' '83519' '25270' '832224'
 '837989' '2543283' '3361214' '2542182' '2540790' '856211' '854861'
 '851275' '852293' '854024' '852300' '855294' '851976' '853487' '852631'
 '855307' '304' '1302' '2312' '2774' '3890' '4340' '8406' '9204' '22798'
 '23078' '23275' '23331' '23504' '26608' '28908' '51193' '54460' '54868'
 '54989' '55119' '55176' '55607' '64848' '79896' '83752' '84128' '84926'
 '84954' '94107' '94160' '114781' '119559' '124044' '126638' '143098'
 '151230' '164832' '283373' '338785' '339799' '340784' '344382' '373856'
 '387119' '392197' '400322' '440587' '442227' '696' '285190' '57636'
 '414153' '440563' '119358']
chunk ['176017' '176019' '175538' '179859' '180021' '175520' '175621' '175614'
 '176869' '175549' '175704' '179054' '177329' '180889' '174107' '174106'
 '188528' '188569' '176055' '176053' '188632' '188633' '176473' '172414'
 '172952' '175610' '175490' '188837' '188848' '179068' '181715' '175470'
 '179289' '172747' '173143' '178296' '175744' '174830' '189253' '191021'
 '175737' '177140' '189700' '3565921' '176970' '189992' '190185' '173078'
 '171873' '246019' '171654' '190557' '178755' '175711' '175713' '175727'
 '175728' '172905' '179752' '175507' '175508' '181041' '191718' '191317'
 '173854' '177985' '181172' '179096' '171840' '191677' '181341' '174782'
 '172640' '266825' '178120' '174244' '174788' '191670' '180074' '175173'
 '177157' '174319' '177659' '172504' '178555' '187716' '175074' '181545'
 '191690' '179276' '172243' '176240' '172891' '177116' '180532' '173362'
 '173811' '178135' '176237' '174023']
chunk ['379321' '386612' '78266' '72333' '15441' '11287' '214498' '67057'
 '69587' '76073' '394341' '779086' '2543438' '2541668' '2542314' '2541297'
 '2541814' '2540659' '2538971' '2543500' '2541654' '2540888' '2540871'
 '2539056' '2539386' '2539299' '2539158' '2542112' '2540078' '2540924'
 '2539786' '2539061' '2541680' '2541448' '2539413' '2541919' '2538897'
 '2540858' '2542942' '2539126' '2539380' '2540184' '3899' '839315'
 '839062' '2541510' '2540906' '2542560' '2541830' '2543631' '2541086'
 '2543427' '2542439' '2542450' '3361520' '2541451' '2543308' '2539398'
 '2541896' '2539478' '2540432' '2542303' '2541035' '2538750' '2540533'
 '2542177' '2540375' '2539763' '2538854' '2539472' '2539160' '2539731'
 '2542053' '2543550' '2541215' '2542964' '2539702' '2540485' '2539774'
 '2543331' '2541067' '2542515' '2541116' '2539063' '2538861' '2540226'
 '2542340' '2540415' '2540717' '2542630' '2538708' '2539276' '2542549'
 '2543046' '2542124' '2539841' '2540332' '2543542' '2540229' '2541488']
chunk ['841535' '827977' '829880' '818351' '842928' '834990' '841490' '828971'
 '829713' '827457' '836053' '819048' '817728' '839173' '818794' '825370'
 '830512' '834702' '838467' '820455' '827999' '835274' '829425' '829218'
 '842527' '823651' '828800' '842938' '820882' '821744' '827611' '831609'
 '23395' '29944' '23196' '6699' '83641' '23074' '6703' '51337' '126917'
 '253635' '6701' '55683' '83989' '64423' '85450' '256643' '6704' '80169'
 '222584' '89958' '55706' '113263' '2262' '727851' '729857' '26065'
 '83543' '57553' '349667' '148423' '60625' '57786' '252983' '6706' '26093'
 '79778' '7498' '55055' '115294' '51594' '25799' '55149' '23211' '6525'
 '79830' '9875' '9429' '84924' '2628' '4353' '23189' '79818' '56977'
 '100129271' '23592' '6947' '317762' '157680' '7554' '856643' '107476'
 '80055' '84109' '165082' '837187' '820098' '829717' '834351']
chunk ['839644' '838691' '838212' '837517' '834208' '824090' '817827' '837052'
 '836535' '836357' '836028' '833937' '830999' '831924' '826863' '826298'
 '822529' '819715' '818435' '816839' '843467' '841958' '839511' '839564'
 '829535' '828285' '827099' '825437' '820768' '842142' '838007' '827841'
 '825321' '819554' '814903' '841495' '838507' '831522' '818023' '836304'
 '834918' '834296' '831186' '820276' '843919' '842056' '836691' '836583'
 '836533' '835860' '835264' '834829' '834692' '834205' '833855' '832342'
 '832206' '831422' '831268' '831051' '829366' '829362' '829080' '828392'
 '827442' '827405' '827371' '826625' '826473' '826447' '825467' '824851'
 '824764' '824709' '824609' '824347' '824165' '824073' '823884' '823751'
 '823393' '823067' '822266' '820771' '820619' '820429' '820406' '820144'
 '820064' '819887' '819708' '819553' '821105' '818701' '818686' '818605'
 '817884' '817606' '817365' '816358']
chunk ['422594' '419402' '417554' '395069' '425619' '418441' '423211' '396536'
 '417961' '426488' '395442' '396227' '415475' '425003' '396326' '421932'
 '419190' '396255' '416320' '396316' '416882' '395498' '396048' '771904'
 '374163' '420969' '373963' '395774' '396228' '420627' '396539' '431056'
 '430766' '396241' '395532' '395155' '770561' '396197' '395689' '395587'
 '396084' '396017' '396248' '374159' '421281' '419150' '396021' '416955'
 '396519' '395181' '770103' '416874' '396523' '420398' '396435' '428969'
 '429062' '396221' '420519' '395779' '396489' '396485' '396459' '395393'
 '423560' '420483' '395916' '378897' '395318' '373997' '374193' '395833'
 '427308' '396456' '396222' '396224' '2542205' '127933' '64921' '115196'
 '284996' '64224' '23536' '492311' '54491' '23670' '90488' '399979' '6302'
 '79192' '54621' '51170' '9249' '23760' '4718' '400242' '128853' '137695'
 '57181' '57157']
chunk ['222698' '100131713' '57458' '84083' '448834' '152217' '79135' '79825'
 '692224' '619563' '55289' '170691' '656' '100130302' '283927' '643677'
 '728774' '26781' '729708' '9236' '152330' '54798' '146754' '345630'
 '55137' '374875' '653499' '3110' '284203' '100506736' '117531' '7739'
 '54508' '3806' '3810' '100128400' '146556' '124637' '147670' '353299'
 '100132053' '1310' '26011' '553117' '374955' '100287898' '121227' '20334'
 '107321' '20163' '64099' '832076' '11426' '180014' '49809' '18704'
 '594865' '2352' '171494' '100153862' '100525777' '74144' '361370'
 '501625' '306626' '691974' '94266' '25466' '25663' '25261' '172910'
 '83490' '29870' '69710' '70497' '20401' '170799' '29816' '27008' '215280'
 '23917' '270076' '67420' '66525' '192192' '214987' '272359' '221935'
 '387755' '26285' '350383' '116135' '395' '59352' '2696' '246176' '219770'
 '7478' '10343' '29951']
chunk ['2539514' '2543649' '2543660' '2541408' '2542695' '2540211' '2539405'
 '2543617' '2542671' '2538857' '2541471' '2539365' '2539525' '2541392'
 '3361117' '2540310' '2543672' '3361210' '2539452' '2539301' '2538985'
 '2543594' '2540359' '2541275' '2539003' '2543231' '2543246' '2538958'
 '2541828' '2540094' '2542437' '2539344' '2539605' '2540242' '2539614'
 '2543130' '2542955' '2538779' '2538915' '3361329' '2540297' '2539583'
 '2540093' '2541236' '2540789' '2541971' '2541032' '2539210' '2541235'
 '2542709' '2538823' '2541246' '2543349' '2542371' '2543135' '2541237'
 '2540922' '2540224' '2543311' '2540378' '2539711' '2540926' '2540809'
 '2543065' '2543228' '2543076' '2541732' '2542673' '2542743' '2543315'
 '2539575' '2541424' '2541187' '2540703' '2543267' '2539460' '2539068'
 '2539097' '2540482' '2540059' '2541020' '2541928' '2543313' '2543398'
 '2543332' '2539813' '2539359' '2540569' '2538705' '2538827' '2542373'
 '2541797' '2543356' '2542509' '2541778' '2540901' '2541167' '2541497'
 '2540579' '2543292']
chunk ['1120' '57722' '4995' '5197' '255189' '154754' '23036' '23261' '23315'
 '64363' '24605' '64131' '25319' '100037950' '100037949' '6526' '81575'
 '647099' '58496' '3046' '653214' '8854' '283970' '311913' '401509'
 '553266' '130399' '55359' '386617' '375593' '1750' '25943' '7762' '83694'
 '415116' '55351' '173783' '314397' '301285' '79128' '286928' '163223'
 '53637' '94062' '64655' '252921' '224656' '117089' '357' '283458'
 '654470' '223915' '68239' '16664' '16661' '16665' '16681' '231214'
 '17910' '16948' '67590' '326619' '18772' '16687' '16667' '319185' '12314'
 '107702' '12266' '11677' '16682' '436522' '67373' '103964' '73626'
 '114566' '53617' '109620' '16679' '16671' '16663' '110310' '105866'
 '69940' '19170' '64652' '107508' '19167' '59010' '16004' '26443' '15211'
 '282208' '396218' '12544' '12709' '27419' '26371' '16549' '56040']
chunk ['2539660' '2539351' '2541693' '2540520' '18712' '305604' '50594' '17868'
 '17882' '67295' '11443' '11447' '13346' '71617' '11636' '79459' '11676'
 '12350' '53895' '12833' '22073' '27979' '232440' '15130' '23918' '70435'
 '85305' '17110' '56335' '94061' '53311' '17879' '17884' '17888' '17885'
 '17901' '17904' '216459' '17907' '56012' '19291' '19293' '67115' '19899'
 '19988' '67186' '68052' '20167' '106393' '50492' '21925' '104354' '20042'
 '20068' '75617' '27370' '13205' '69917' '21916' '18102' '20974' '107767'
 '20262' '11858' '76932' '20562' '19132' '397519' '66887' '67222' '224903'
 '109672' '14178' '14165' '67112' '100687738' '69601' '16949' '66961'
 '12857' '11984' '2542745' '2540411' '397746' '444284' '394293' '447279'
 '394429' '394342' '399211' '240427' '66684' '15381' '54561' '58243'
 '396020' '25399' '29693' '831253' '733198']
chunk ['812774' '812185' '812859' '2655415' '810183' '810204' '814056' '812189'
 '812068' '811907' '813101' '813877' '813928' '810328' '811636' '812981'
 '814204' '814010' '810236' '814045' '814446' '810501' '811924' '2655121'
 '813087' '813989' '814338' '812904' '3885727' '810516' '813998' '2655375'
 '811411' '813137' '811059' '810927' '2655240' '810508' '814254' '814301'
 '814511' '2655157' '810277' '810308' '813094' '811397' '811677' '814245'
 '810938' '814000' '812678' '813123' '3885988' '810984' '811765' '811564'
 '811942' '813684' '814307' '810499' '810633' '814051' '811661' '811499'
 '3885833' '811300' '813912' '813576' '811254' '810691' '813674' '814079'
 '811318' '2655408' '810614' '814486' '812460' '813931' '2655248'
 '2655411' '3885910' '3885914' '2655144' '814165' '814426' '813397'
 '2654952' '811598' '2655381' '812748' '2654955' '814036' '2655115'
 '812213' '811652' '813895' '2655447' '810988' '813810' '813465']
chunk ['5731' '140662' '362401' '29288' '81768' '296197' '300033' '287379'
 '297518' '25390' '287986' '287877' '300228' '288666' '64313' '308759'
 '29286' '24688' '311671' '56646' '364716' '289257' '301458' '299872'
 '140655' '25287' '84496' '288620' '170670' '29366' '290868' '305332'
 '116483' '493810' '58819' '25697' '29213' '361791' '140661' '293448'
 '64371' '361527' '307351' '113898' '79256' '85492' '287984' '362182'
 '25176' '85333' '363150' '287446' '84013' '819922' '11606' '27215' '2658'
 '85349' '826859' '9164988' '844325' '844713' '842030' '831622' '828756'
 '815070' '831705' '815100' '827273' '824801' '829728' '837665' '841941'
 '834216' '838931' '830480' '835318' '828816' '834843' '835618' '818904'
 '818722' '837849' '826849' '832138' '843746' '843893' '827338' '827486'
 '835588' '836310' '833954' '836016' '827502' '5008056' '830965' '835900'
 '830950' '827077' '824540']
chunk ['55194' '57228' '203562' '399665' '79932' '207147' '28396' '170685'
 '245806' '23554' '51277' '85479' '171484' '11105' '266697' '30848'
 '123688' '127829' '9560' '84976' '337963' '339210' '78998' '55222'
 '152573' '80714' '11163' '58498' '81569' '122961' '346157' '140851'
 '255631' '257144' '375133' '414927' '26138' '155066' '284185' '79810'
 '441273' '57547' '64090' '148103' '255180' '199692' '255043' '161829'
 '729862' '729967' '57189' '64648' '64663' '342666' '100507203' '388701'
 '80208' '55500' '79024' '83692' '113791' '112597' '541471' '203523'
 '84229' '84677' '388387' '150165' '147650' '84618' '81563' '80350'
 '84532' '221718' '284040' '100137047' '729991' '146395' '140683' '399670'
 '196883' '112744' '729428' '159162' '96597' '146212' '728175' '339324'
 '340371' '169166' '167555' '140767' '157753' '169026' '389123' '283768'
 '128209' '125965' '727751' '221044']
chunk ['304490' '298019' '25179' '291295' '291309' '114096' '687994' '683687'
 '306066' '361202' '499497' '304581' '294988' '310833' '25181' '29209'
 '308942' '494499' '362672' '365352' '361684' '315696' '29667' '304109'
 '287930' '363275' '365662' '311033' '252892' '289641' '286917' '361071'
 '59267' '305095' '300889' '311166' '245982' '294975' '100910660' '293016'
 '116668' '117053' '688590' '117521' '363067' '58821' '316611' '140667'
 '305242' '306157' '304893' '498099' '171129' '84352' '316384' '307585'
 '308441' '297727' '309901' '307498' '363228' '25609' '117024' '501110'
 '309928' '307774' '116697' '362281' '114210' '363084' '170724' '303501'
 '116550' '360949' '366017' '494223' '282837' '116673' '306759' '296076'
 '362687' '303456' '64060' '64133' '25391' '315644' '498922' '501998'
 '29384' '65164' '361055' '29278' '57341' '85253' '25594' '301438'
 '312030' '64301' '361840' '297699']
chunk ['821236' '830623' '828140' '817371' '840139' '829209' '829922' '820338'
 '824479' '829157' '844415' '842563' '817675' '831081' '820491' '838263'
 '823898' '839635' '837063' '818989' '817099' '842642' '825294' '836819'
 '830609' '825160' '837990' '821939' '818505' '816909' '822105' '831381'
 '841353' '837416' '819392' '826811' '818203' '842608' '824702' '840236'
 '834225' '824765' '838512' '816847' '843874' '830497' '830453' '822298'
 '827119' '816774' '825885' '818769' '821712' '837746' '820395' '818943'
 '843413' '817158' '831062' '837963' '840368' '819847' '817272' '829173'
 '826872' '838035' '839780' '834764' '828639' '842266' '818747' '838186'
 '831867' '839618' '841173' '835631' '824934' '837830' '832663' '817144'
 '834527' '818248' '842615' '828166' '821281' '842531' '822241' '815304'
 '816590' '818909' '841106' '816100' '824593' '830861' '842883' '838064'
 '824370' '821413' '831795' '833509']
chunk ['12933475' '12933474' '12932623' '12933473' '12934415' '12934401'
 '12934403' '12933461' '12930335' '12930570' '12934483' '12932015'
 '12931873' '12934173' '12932958' '12934375' '12932948' '12932949'
 '12932753' '12931802' '12933446' '12934440' '12930441' '12932557'
 '12933449' '12933445' '12932232' '12933063' '12931896' '12930293'
 '12933947' '12933432' '12932359' '12934470' '12930348' '12930429'
 '12932884' '12930283' '12930277' '12930274' '12933002' '12933001'
 '12932600' '12932999' '12933428' '12930405' '12932161' '12932163'
 '12932165' '12932162' '12934380' '12933420' '12933419' '12930492'
 '12930493' '12930496' '12930497' '12933427' '12933426' '12933424'
 '12933421' '12930269' '12930268' '12930267' '12930266' '12930265'
 '12930264' '12931942' '12930667' '12930665' '12930445' '12930428'
 '12933413' '12933412' '12933411' '12931881' '12931880' '12933408'
 '12933407' '12930272' '12933406' '12934425' '12931849' '12934452'
 '12933404' '12930600' '12930599' '12933392' '12934302' '12934521'
 '12930261' '12930259' '12932521' '12934348' '12933391' '12933395'
 '12932752' '12933401' '12933400' '12933398']
chunk ['12932831' '12932832' '12934063' '12930783' '12930782' '12930780'
 '12934177' '12934103' '12931687' '12931832' '12931956' '12930777'
 '12933128' '12931853' '12932218' '12930765' '12930764' '12934477'
 '12932794' '12932790' '12930762' '12934377' '12932372' '12931999'
 '12930749' '12930742' '12930743' '12930747' '12930746' '12930745'
 '12933212' '12934048' '12933037' '12934149' '12932376' '12932377'
 '12932309' '12930349' '12932690' '12932890' '12930387' '12930490'
 '12930522' '12930733' '12933056' '12933055' '12934132' '12934364'
 '12930735' '12932621' '12932017' '12933211' '12933207' '12933209'
 '12933210' '12933214' '12933213' '12932590' '12934352' '12932503'
 '12932563' '12930730' '12930525' '12930524' '12932942' '12932938'
 '12931750' '12930430' '12933793' '12933765' '12932121' '12934325'
 '12934324' '12931813' '12934041' '12930241' '12930238' '12930239'
 '12933269' '12930219' '12933263' '12931610' '12932782' '12933120'
 '12930115' '12931150' '12931151' '12933872' '12931041' '12933216'
 '12930935' '12930535' '12932812' '12930814' '12934037' '12931116'
 '341392' '283303' '100505621' '115749']
chunk ['414472' '399243' '398895' '100037112' '780741' '100134834' '399253'
 '379837' '380164' '380031' '496015' '399198' '446493' '100049090'
 '447693' '734520' '380257' '379199' '379706' '446502' '733351' '414594'
 '443758' '380527' '548611' '446739' '444546' '446783' '380281' '444289'
 '379913' '398526' '733282' '734726' '446264' '734716' '380388' '379960'
 '380003' '380464' '447576' '496212' '495207' '495507' '734439' '379759'
 '432128' '443752' '447145' '444393' '446315' '735158' '380279' '734605'
 '443936' '446236' '443792' '443607' '447348' '432348' '380444' '380375'
 '398999' '447081' '380134' '380401' '380261' '380157' '734664' '446456'
 '380576' '495106' '447488' '735098' '446451' '379553' '380017' '447121'
 '379064' '414589' '447146' '100037133' '414719' '380368' '380358'
 '380462' '380033' '446322' '431846' '380037' '379160' '779276' '446737'
 '431998' '735172' '445824' '379674' '379822' '379959' '398503']
chunk ['2541252' '53905' '300160' '653247' '163227' '127294' '777778' '23436'
 '1208' '100996279' '23546' '100188893' '66375' '14378' '17069' '68774'
 '68212' '14705' '104725' '56485' '70747' '14977' '68427' '17711' '13481'
 '66366' '17722' '80795' '110172' '390664' '18008' '338058' '395963'
 '395476' '396200' '69228' '147645' '150696' '440270' '647024' '126695'
 '25637' '103983' '121006' '219537' '100505753' '643376' '100271927'
 '135948' '100132103' '644353' '28474' '84981' '2914' '254950' '57210'
 '23033' '346007' '283848' '400954' '400499' '192668' '643008' '343171'
 '339906' '399671' '146779' '285051' '26280' '28232' '56112' '344758'
 '67252' '126567' '285513' '131870' '155100' '348938' '124773' '102157402'
 '56180' '7652' '100506012' '653598' '100885848' '56124' '3539' '56143'
 '728233' '728343' '2713' '3748' '152015' '114335' '56140' '3538' '56123'
 '317754' '730262' '138715']
chunk ['333050' '56384' '109658' '381677' '67235' '17836' '99571' '12039'
 '14058' '212898' '11937' '213326' '14161' '214568' '17254' '544971'
 '11801' '20527' '71960' '63959' '211429' '170760' '22689' '270152'
 '74041' '66663' '227157' '14180' '100042150' '239659' '15278' '66271'
 '667865' '434025' '214968' '619846' '330188' '22074' '24045' '239170'
 '209027' '668173' '16670' '20016' '15007' '12260' '319173' '21461'
 '64818' '406222' '77254' '17195' '384557' '12729' '406219' '13244'
 '16069' '20810' '16769' '16634' '15439' '70556' '108841' '66422' '19280'
 '22245' '26569' '17180' '81840' '270166' '208846' '11671' '11669' '74761'
 '121021' '16430' '52635' '70369' '22235' '17183' '74205' '50706' '244810'
 '76485' '69597' '107939' '109272' '57874' '13666' '242702' '13386'
 '213673' '229524' '76267' '98193' '74241' '56077' '67426' '214952'
 '13507']
chunk ['84808' '85025' '89872' '112616' '126123' '131616' '143630' '144110'
 '149111' '158866' '219749' '221938' '284415' '440482' '433693' '494468'
 '211660' '384198' '329977' '74377' '94190' '75317' '69269' '66083'
 '245522' '219105' '3637148' '3644173' '3644145' '3640140' '14619'
 '124093' '29372' '100506564' '170063' '5723799' '5728459' '245940'
 '645425' '114881' '114770' '84443' '100272147' '12532' '100757677'
 '100757763' '100762647' '510767' '25096' '116561' '396428' '21923'
 '403735' '381224' '12040' '72672' '212391' '107970' '15366' '102991'
 '66070' '73046' '52397' '12593' '75796' '243905' '75339' '68184'
 '7955925' '100170851' '100286865' '402682' '1592' '645683' '206412'
 '7952917' '7955037' '7954222' '7952134' '13393614' '139221' '100126226'
 '100126766' '109052' '110593' '13929' '17837' '18969' '20868' '238693'
 '240261' '268379' '269209' '27359' '28078' '331461' '66069' '66323'
 '68553' '68925']
Created mapping file between UniProt ACs and entrez gene/locuslink in: /media/pieter/DATA/Wetenschap/Doctoraat/projects/host-pathogen-ppi-analysis/data/interim/all-online/mapping/entrez gene-locuslink2uniprot.txt.

entrez gene/locuslink: 4818 out of 68167 identifiers were succesfully remapped to UniProt accession numbers.

refseq: 198 identifiers found in dataset.
chunk ['NP_609475' 'NP_477162' 'NP_899152' 'XP_001723926' 'NP_037450'
 'XP_002718256' 'NP_001028539' 'NP_003365.1' 'NP_010706' 'XM_031553.10'
 'NM_014281.3' 'NM_018011.2' 'NM_016403.2' 'NM_033537.1' 'NP_056739'
 'NP_056740' 'NP_579876' 'NP_579880' 'NP_579894' 'NP_579895' 'NP_705926'
 'NP_705927' 'NP_705928' 'NP_722460' 'NP_734169' 'NP_734170' 'NP_734194'
 'NP_734200' 'NP_734202' 'NP_734212' 'NP_734265' 'NP_734266' 'NP_734267'
 'NP_734269' 'NP_734274' 'NP_734334' 'NP_734335' 'NP_734343' 'NP_734359'
 'NP_734360' 'NP_734361' 'NP_734363' 'NP_734365' 'NP_734366' 'NP_734367'
 'NP_734368' 'NP_734420' 'NP_734425' 'NP_734426' 'NP_734427' 'NP_734428'
 'NP_739582' 'NP_739584' 'NP_739586' 'NP_739587' 'NP_739590' 'NP_739591'
 'NP_740472' 'NP_740473' 'NP_740476' 'NP_740477' 'NP_740478' 'NP_751919'
 'NP_751920' 'NP_751921' 'NP_751923' 'NP_751925' 'NP_751926' 'NP_751927'
 'NP_751928' 'NP_775499' 'NP_775503' 'NP_775507' 'NP_775998' 'NP_776000'
 'NP_776002' 'NP_776011' 'NP_783304' 'NP_783308' 'NP_787043' 'NP_789739'
 'NP_803144' 'NP_828852' 'NP_828860' 'NP_828861' 'NP_828862' 'NP_828863'
 'NP_828864' 'NP_828865' 'NP_828866' 'NP_828867' 'NP_828868' 'NP_828869'
 'NP_828870' 'NP_828871' 'NP_828872' 'NP_904321' 'NP_941977' 'NP_954561'
 'NP_955588']
Created mapping file between UniProt ACs and refseq in: /media/pieter/DATA/Wetenschap/Doctoraat/projects/host-pathogen-ppi-analysis/data/interim/all-online/mapping/refseq2uniprot.txt.

refseq: 8 out of 198 identifiers were succesfully remapped to UniProt accession numbers.

No dip: identifiers found in dataset.

36 identifiers were remapped to multiple UniProt accession numbers (denoted by the prefix "MULT_MAP" in the dataset) for a total of 1184 interactions.

Omitted 1184 PPIs due to the existance of multiple mappings.

Saved list of all UniProtACs to data/interim/all-online/all_identifiers.txt
